Arguments: 
  /home/ubuntu/.nvm/versions/node/v14.15.5/bin/node /home/ubuntu/.nvm/versions/node/v14.15.5/bin/yarn start

PATH: 
  ~/.config/composer/vendor/bin:/opt/lampp/bin:/home/ubuntu/.nvm/versions/node/v14.15.5/bin:/home/ubuntu/.local/bin:/usr/local/sbin:/usr/local/bin:/usr/sbin:/usr/bin:/sbin:/bin:/usr/games:/usr/local/games:/snap/bin

Yarn version: 
  1.22.10

Node version: 
  14.15.5

Platform: 
  linux x64

Trace: 
  SyntaxError: /home/ubuntu/api/js-api/package.json: Unexpected token } in JSON at position 170
      at JSON.parse (<anonymous>)
      at /home/ubuntu/.nvm/versions/node/v14.15.5/lib/node_modules/yarn/lib/cli.js:1625:59
      at Generator.next (<anonymous>)
      at step (/home/ubuntu/.nvm/versions/node/v14.15.5/lib/node_modules/yarn/lib/cli.js:310:30)
      at /home/ubuntu/.nvm/versions/node/v14.15.5/lib/node_modules/yarn/lib/cli.js:321:13

npm manifest: 
  {
    "name": "js-api",
    "version": "1.0.0",
    "description": "",
    "main": "index.ts",
    "scripts": {
      "start": "nodemon index.ts",
      "build": "tsc --project ./",
    },
    "keywords": [],
    "author": "",
    "license": "ISC",
    "dependencies": {
      "bcrypt": "^5.0.1",
      "body-parser": "^1.19.0",
      "dotenv": "^10.0.0",
      "express": "^4.17.1",
      "mysql": "^2.18.1"
    },
    "devDependencies": {
      "@types/bcrypt": "^5.0.0",
      "@types/express": "^4.17.13",
      "@types/node": "^16.3.1",
      "ts-node": "^10.1.0",
      "typescript": "^4.3.5"
    }
  }

yarn manifest: 
  No manifest

Lockfile: 
  No lockfile
